2025-12-23 17:16:29,563:INFO: ============================================================
2025-12-23 17:16:29,563:INFO: Training Configuration
2025-12-23 17:16:29,563:INFO: ============================================================
2025-12-23 17:16:29,564:INFO: Dataset: 100k
2025-12-23 17:16:29,564:INFO: Chinese vocab size: 14769
2025-12-23 17:16:29,564:INFO: English vocab size: 8000
2025-12-23 17:16:29,564:INFO: Data directory: ./data_100k
2025-12-23 17:16:29,565:INFO: ============================================================
2025-12-23 17:16:29,565:INFO: Architecture Configuration:
2025-12-23 17:16:29,565:INFO:   Position Encoding: absolute
2025-12-23 17:16:29,566:INFO:   Normalization: rmsnorm
2025-12-23 17:16:29,566:INFO:   Model dimension: 512
2025-12-23 17:16:29,566:INFO:   Attention heads: 8
2025-12-23 17:16:29,566:INFO:   Layers: 6
2025-12-23 17:16:29,566:INFO:   Feed-forward dim: 2048
2025-12-23 17:16:29,567:INFO:   Dropout: 0.1
2025-12-23 17:16:29,567:INFO: ============================================================
2025-12-23 17:16:29,567:INFO: Training Configuration:
2025-12-23 17:16:29,567:INFO:   Batch size: 64
2025-12-23 17:16:29,568:INFO:   Epochs: 50
2025-12-23 17:16:29,568:INFO:   Learning rate: 0.0005
2025-12-23 17:16:29,568:INFO:   Use NoamOpt: False
2025-12-23 17:16:29,569:INFO:   Use Label Smoothing: False
2025-12-23 17:16:29,569:INFO: ============================================================
2025-12-23 17:16:29,569:INFO: Model will be saved to: ./experiment/100k_abs_rms_adam_nosmooth/model_100k_abs_rms_adam_nosmooth.pth
2025-12-23 17:16:29,569:INFO: ============================================================
2025-12-23 17:16:30,053:INFO: -------- Dataset Build! --------
2025-12-23 17:16:30,054:INFO: -------- Get Dataloader! --------
2025-12-23 17:16:32,000:DEBUG: Building prefix dict from the default dictionary ...
2025-12-23 17:16:32,001:DEBUG: Loading model from cache /tmp/jieba.cache
2025-12-23 17:16:32,631:DEBUG: Loading model cost 0.631 seconds.
2025-12-23 17:16:32,632:DEBUG: Prefix dict has been built successfully.
2025-12-23 17:19:42,032:INFO: Epoch: 1, loss: 5.323094844818115
2025-12-23 17:20:45,141:INFO: Epoch: 1, Dev loss: 5.300304889678955, Bleu Score: 0.5484820940367205
2025-12-23 17:20:46,792:INFO: -------- Save Best Model! --------
2025-12-23 17:23:48,063:INFO: Epoch: 2, loss: 4.219496726989746
2025-12-23 17:25:11,998:INFO: Epoch: 2, Dev loss: 4.766473293304443, Bleu Score: 1.1350489236685617
2025-12-23 17:25:13,710:INFO: -------- Save Best Model! --------
2025-12-23 17:28:18,081:INFO: Epoch: 3, loss: 3.6376123428344727
2025-12-23 17:29:42,277:INFO: Epoch: 3, Dev loss: 4.44481086730957, Bleu Score: 2.660561814859725
2025-12-23 17:29:43,942:INFO: -------- Save Best Model! --------
2025-12-23 17:32:44,126:INFO: Epoch: 4, loss: 3.2223241329193115
2025-12-23 17:34:16,008:INFO: Epoch: 4, Dev loss: 4.260238170623779, Bleu Score: 3.512657032493435
2025-12-23 17:34:17,657:INFO: -------- Save Best Model! --------
2025-12-23 17:37:05,591:INFO: Epoch: 5, loss: 2.8941991329193115
2025-12-23 17:38:29,854:INFO: Epoch: 5, Dev loss: 4.102519512176514, Bleu Score: 4.32182312417877
2025-12-23 17:38:31,481:INFO: -------- Save Best Model! --------
2025-12-23 17:41:14,988:INFO: Epoch: 6, loss: 2.622467517852783
2025-12-23 17:42:51,075:INFO: Epoch: 6, Dev loss: 3.9798789024353027, Bleu Score: 4.516222193215999
2025-12-23 17:42:52,712:INFO: -------- Save Best Model! --------
2025-12-23 17:45:21,638:INFO: Epoch: 7, loss: 2.396796703338623
2025-12-23 17:46:43,557:INFO: Epoch: 7, Dev loss: 3.9322826862335205, Bleu Score: 5.612678539820018
2025-12-23 17:46:45,213:INFO: -------- Save Best Model! --------
2025-12-23 17:49:31,095:INFO: Epoch: 8, loss: 2.2040927410125732
2025-12-23 17:50:56,742:INFO: Epoch: 8, Dev loss: 3.8876376152038574, Bleu Score: 5.963947574646668
2025-12-23 17:50:58,387:INFO: -------- Save Best Model! --------
2025-12-23 17:53:31,480:INFO: Epoch: 9, loss: 2.0371501445770264
2025-12-23 17:54:57,157:INFO: Epoch: 9, Dev loss: 3.8805315494537354, Bleu Score: 6.18631200505709
2025-12-23 17:54:58,811:INFO: -------- Save Best Model! --------
2025-12-23 17:57:27,826:INFO: Epoch: 10, loss: 1.8890715837478638
2025-12-23 17:58:51,875:INFO: Epoch: 10, Dev loss: 3.9558393955230713, Bleu Score: 6.1015092356570575
2025-12-23 17:58:51,876:INFO: Early Stop Left: 4
2025-12-23 18:01:19,837:INFO: Epoch: 11, loss: 1.7540948390960693
2025-12-23 18:02:51,683:INFO: Epoch: 11, Dev loss: 3.933769464492798, Bleu Score: 7.103259798760546
2025-12-23 18:02:53,318:INFO: -------- Save Best Model! --------
2025-12-23 18:05:22,663:INFO: Epoch: 12, loss: 1.6322656869888306
2025-12-23 18:07:01,336:INFO: Epoch: 12, Dev loss: 4.020712852478027, Bleu Score: 6.879710836278011
2025-12-23 18:07:01,337:INFO: Early Stop Left: 4
2025-12-23 18:09:46,747:INFO: Epoch: 13, loss: 1.5200402736663818
2025-12-23 18:11:24,988:INFO: Epoch: 13, Dev loss: 4.092347621917725, Bleu Score: 7.19840997711946
2025-12-23 18:11:26,625:INFO: -------- Save Best Model! --------
2025-12-23 18:14:20,643:INFO: Epoch: 14, loss: 1.4199330806732178
2025-12-23 18:15:45,165:INFO: Epoch: 14, Dev loss: 4.210391044616699, Bleu Score: 6.8786244699634205
2025-12-23 18:15:45,166:INFO: Early Stop Left: 4
2025-12-23 18:18:57,969:INFO: Epoch: 15, loss: 1.3269953727722168
2025-12-23 18:20:26,795:INFO: Epoch: 15, Dev loss: 4.264771938323975, Bleu Score: 6.40639794249475
2025-12-23 18:20:26,796:INFO: Early Stop Left: 3
2025-12-23 18:23:40,335:INFO: Epoch: 16, loss: 1.2420049905776978
2025-12-23 18:25:02,786:INFO: Epoch: 16, Dev loss: 4.397188186645508, Bleu Score: 6.201671339680183
2025-12-23 18:25:02,787:INFO: Early Stop Left: 2
2025-12-23 18:28:11,202:INFO: Epoch: 17, loss: 1.163810133934021
2025-12-23 18:29:43,919:INFO: Epoch: 17, Dev loss: 4.421846866607666, Bleu Score: 6.387614495597316
2025-12-23 18:29:43,920:INFO: Early Stop Left: 1
2025-12-23 18:32:55,074:INFO: Epoch: 18, loss: 1.094633936882019
2025-12-23 18:34:31,157:INFO: Epoch: 18, Dev loss: 4.508331298828125, Bleu Score: 6.861608898532157
2025-12-23 18:34:31,158:INFO: Early Stop Left: 0
2025-12-23 18:34:31,158:INFO: -------- Early Stop! --------
2025-12-23 18:34:31,159:INFO: 
============================================================
2025-12-23 18:34:31,159:INFO: Training completed! Evaluating on test set...
2025-12-23 18:34:31,159:INFO: ============================================================
2025-12-23 18:35:19,050:INFO: 
Final Test Set BLEU Score: 7.22
2025-12-23 18:35:22,013:INFO: Test Set BLEU Score (Greedy): 7.03
2025-12-23 18:35:22,014:INFO: Improvement with Beam Search: 0.19 BLEU points
2025-12-23 18:35:22,014:INFO: ============================================================
