2025-12-23 08:53:03,673:INFO: ============================================================
2025-12-23 08:53:03,674:INFO: Training Configuration
2025-12-23 08:53:03,674:INFO: ============================================================
2025-12-23 08:53:03,675:INFO: Dataset: 100k
2025-12-23 08:53:03,675:INFO: Chinese vocab size: 14769
2025-12-23 08:53:03,675:INFO: English vocab size: 8000
2025-12-23 08:53:03,675:INFO: Data directory: ./data_100k
2025-12-23 08:53:03,676:INFO: ============================================================
2025-12-23 08:53:03,676:INFO: Architecture Configuration:
2025-12-23 08:53:03,677:INFO:   Position Encoding: absolute
2025-12-23 08:53:03,677:INFO:   Normalization: layernorm
2025-12-23 08:53:03,677:INFO:   Model dimension: 512
2025-12-23 08:53:03,677:INFO:   Attention heads: 8
2025-12-23 08:53:03,677:INFO:   Layers: 6
2025-12-23 08:53:03,678:INFO:   Feed-forward dim: 2048
2025-12-23 08:53:03,678:INFO:   Dropout: 0.1
2025-12-23 08:53:03,678:INFO: ============================================================
2025-12-23 08:53:03,678:INFO: Training Configuration:
2025-12-23 08:53:03,678:INFO:   Batch size: 64
2025-12-23 08:53:03,679:INFO:   Epochs: 50
2025-12-23 08:53:03,679:INFO:   Learning rate: 0.0005
2025-12-23 08:53:03,679:INFO:   Use NoamOpt: True
2025-12-23 08:53:03,679:INFO:   Use Label Smoothing: True
2025-12-23 08:53:03,680:INFO: ============================================================
2025-12-23 08:53:03,680:INFO: Model will be saved to: ./experiment/100k_abs_ln_noam_smooth/model_100k_abs_ln_noam_smooth.pth
2025-12-23 08:53:03,680:INFO: ============================================================
2025-12-23 08:53:04,239:INFO: -------- Dataset Build! --------
2025-12-23 08:53:04,240:INFO: -------- Get Dataloader! --------
2025-12-23 08:53:11,175:DEBUG: Building prefix dict from the default dictionary ...
2025-12-23 08:53:11,761:DEBUG: Dumping model to file cache /tmp/jieba.cache
2025-12-23 08:53:11,813:DEBUG: Loading model cost 0.637 seconds.
2025-12-23 08:53:11,813:DEBUG: Prefix dict has been built successfully.
2025-12-23 08:55:56,481:INFO: Epoch: 1, loss: 4.916042327880859
2025-12-23 08:57:05,267:INFO: Epoch: 1, Dev loss: 4.612842082977295, Bleu Score: 1.0998312828835393
2025-12-23 08:57:06,964:INFO: -------- Save Best Model! --------
2025-12-23 08:59:51,007:INFO: Epoch: 2, loss: 3.614241600036621
2025-12-23 09:01:21,224:INFO: Epoch: 2, Dev loss: 4.046604156494141, Bleu Score: 2.461838950987249
2025-12-23 09:01:22,851:INFO: -------- Save Best Model! --------
2025-12-23 09:04:10,850:INFO: Epoch: 3, loss: 3.0232579708099365
2025-12-23 09:05:48,336:INFO: Epoch: 3, Dev loss: 3.744670867919922, Bleu Score: 4.112278097079969
2025-12-23 09:05:50,130:INFO: -------- Save Best Model! --------
2025-12-23 09:08:41,894:INFO: Epoch: 4, loss: 2.625314950942993
2025-12-23 09:10:09,448:INFO: Epoch: 4, Dev loss: 3.5355026721954346, Bleu Score: 5.436743336244764
2025-12-23 09:10:11,065:INFO: -------- Save Best Model! --------
2025-12-23 09:12:52,365:INFO: Epoch: 5, loss: 2.3421034812927246
2025-12-23 09:14:15,245:INFO: Epoch: 5, Dev loss: 3.4044413566589355, Bleu Score: 6.258021207976314
2025-12-23 09:14:16,859:INFO: -------- Save Best Model! --------
2025-12-23 09:16:55,497:INFO: Epoch: 6, loss: 2.1296470165252686
2025-12-23 09:18:35,495:INFO: Epoch: 6, Dev loss: 3.3521811962127686, Bleu Score: 7.019383553047902
2025-12-23 09:18:37,123:INFO: -------- Save Best Model! --------
2025-12-23 09:21:15,443:INFO: Epoch: 7, loss: 1.96039879322052
2025-12-23 09:22:41,971:INFO: Epoch: 7, Dev loss: 3.3049869537353516, Bleu Score: 6.859813764448122
2025-12-23 09:22:41,972:INFO: Early Stop Left: 4
2025-12-23 09:25:20,755:INFO: Epoch: 8, loss: 1.8237042427062988
2025-12-23 09:26:41,128:INFO: Epoch: 8, Dev loss: 3.3040895462036133, Bleu Score: 7.722929089224592
2025-12-23 09:26:42,811:INFO: -------- Save Best Model! --------
2025-12-23 09:29:21,531:INFO: Epoch: 9, loss: 1.7074171304702759
2025-12-23 09:30:58,261:INFO: Epoch: 9, Dev loss: 3.300626277923584, Bleu Score: 7.6789873160661735
2025-12-23 09:30:58,262:INFO: Early Stop Left: 4
2025-12-23 09:33:37,257:INFO: Epoch: 10, loss: 1.605116367340088
2025-12-23 09:35:03,932:INFO: Epoch: 10, Dev loss: 3.2897040843963623, Bleu Score: 8.548953981838743
2025-12-23 09:35:05,541:INFO: -------- Save Best Model! --------
2025-12-23 09:37:44,638:INFO: Epoch: 11, loss: 1.5162047147750854
2025-12-23 09:39:09,768:INFO: Epoch: 11, Dev loss: 3.357085943222046, Bleu Score: 8.143261794501523
2025-12-23 09:39:09,769:INFO: Early Stop Left: 4
2025-12-23 09:41:48,309:INFO: Epoch: 12, loss: 1.4365028142929077
2025-12-23 09:43:22,783:INFO: Epoch: 12, Dev loss: 3.356651544570923, Bleu Score: 8.104497453576482
2025-12-23 09:43:22,784:INFO: Early Stop Left: 3
2025-12-23 09:46:01,344:INFO: Epoch: 13, loss: 1.3646353483200073
2025-12-23 09:47:32,494:INFO: Epoch: 13, Dev loss: 3.4119925498962402, Bleu Score: 8.076392706895087
2025-12-23 09:47:32,495:INFO: Early Stop Left: 2
2025-12-23 09:50:12,231:INFO: Epoch: 14, loss: 1.3002606630325317
2025-12-23 09:51:48,652:INFO: Epoch: 14, Dev loss: 3.434333562850952, Bleu Score: 8.16110048496182
2025-12-23 09:51:48,653:INFO: Early Stop Left: 1
2025-12-23 09:54:30,374:INFO: Epoch: 15, loss: 1.241557002067566
2025-12-23 09:56:06,626:INFO: Epoch: 15, Dev loss: 3.482158660888672, Bleu Score: 7.97750233595072
2025-12-23 09:56:06,627:INFO: Early Stop Left: 0
2025-12-23 09:56:06,627:INFO: -------- Early Stop! --------
2025-12-23 09:56:06,627:INFO: 
============================================================
2025-12-23 09:56:06,628:INFO: Training completed! Evaluating on test set...
2025-12-23 09:56:06,628:INFO: ============================================================
2025-12-23 09:56:50,311:INFO: 
Final Test Set BLEU Score: 8.41
2025-12-23 09:56:53,349:INFO: Test Set BLEU Score (Greedy): 0.00
2025-12-23 09:56:53,350:INFO: Improvement with Beam Search: 8.41 BLEU points
2025-12-23 09:56:53,350:INFO: ============================================================
