2025-12-23 13:50:15,226:INFO: ============================================================
2025-12-23 13:50:15,226:INFO: Training Configuration
2025-12-23 13:50:15,227:INFO: ============================================================
2025-12-23 13:50:15,227:INFO: Dataset: 100k
2025-12-23 13:50:15,227:INFO: Chinese vocab size: 14769
2025-12-23 13:50:15,228:INFO: English vocab size: 8000
2025-12-23 13:50:15,228:INFO: Data directory: ./data_100k
2025-12-23 13:50:15,228:INFO: ============================================================
2025-12-23 13:50:15,228:INFO: Architecture Configuration:
2025-12-23 13:50:15,229:INFO:   Position Encoding: absolute
2025-12-23 13:50:15,229:INFO:   Normalization: rmsnorm
2025-12-23 13:50:15,229:INFO:   Model dimension: 512
2025-12-23 13:50:15,229:INFO:   Attention heads: 8
2025-12-23 13:50:15,229:INFO:   Layers: 6
2025-12-23 13:50:15,230:INFO:   Feed-forward dim: 2048
2025-12-23 13:50:15,230:INFO:   Dropout: 0.1
2025-12-23 13:50:15,230:INFO: ============================================================
2025-12-23 13:50:15,230:INFO: Training Configuration:
2025-12-23 13:50:15,230:INFO:   Batch size: 64
2025-12-23 13:50:15,231:INFO:   Epochs: 50
2025-12-23 13:50:15,231:INFO:   Learning rate: 0.0005
2025-12-23 13:50:15,231:INFO:   Use NoamOpt: True
2025-12-23 13:50:15,231:INFO:   Use Label Smoothing: True
2025-12-23 13:50:15,231:INFO: ============================================================
2025-12-23 13:50:15,232:INFO: Model will be saved to: ./experiment/100k_abs_rms_noam_smooth/model_100k_abs_rms_noam_smooth.pth
2025-12-23 13:50:15,232:INFO: ============================================================
2025-12-23 13:50:15,687:INFO: -------- Dataset Build! --------
2025-12-23 13:50:15,688:INFO: -------- Get Dataloader! --------
2025-12-23 13:50:17,148:DEBUG: Building prefix dict from the default dictionary ...
2025-12-23 13:50:17,149:DEBUG: Loading model from cache /tmp/jieba.cache
2025-12-23 13:50:17,744:DEBUG: Loading model cost 0.595 seconds.
2025-12-23 13:50:17,744:DEBUG: Prefix dict has been built successfully.
2025-12-23 13:52:47,431:INFO: Epoch: 1, loss: 4.9184041023254395
2025-12-23 13:54:19,353:INFO: Epoch: 1, Dev loss: 4.575960636138916, Bleu Score: 0.9204524065560066
2025-12-23 13:54:21,114:INFO: -------- Save Best Model! --------
2025-12-23 13:56:53,233:INFO: Epoch: 2, loss: 3.6224677562713623
2025-12-23 13:58:15,189:INFO: Epoch: 2, Dev loss: 4.054128646850586, Bleu Score: 2.3925316563546137
2025-12-23 13:58:16,811:INFO: -------- Save Best Model! --------
2025-12-23 14:00:53,208:INFO: Epoch: 3, loss: 3.0346505641937256
2025-12-23 14:02:19,767:INFO: Epoch: 3, Dev loss: 3.7217822074890137, Bleu Score: 3.8349861506401406
2025-12-23 14:02:21,402:INFO: -------- Save Best Model! --------
2025-12-23 14:04:55,619:INFO: Epoch: 4, loss: 2.6460909843444824
2025-12-23 14:06:18,651:INFO: Epoch: 4, Dev loss: 3.5473015308380127, Bleu Score: 5.031458686882083
2025-12-23 14:06:20,339:INFO: -------- Save Best Model! --------
2025-12-23 14:08:49,278:INFO: Epoch: 5, loss: 2.3681743144989014
2025-12-23 14:10:08,777:INFO: Epoch: 5, Dev loss: 3.4356706142425537, Bleu Score: 6.06060184600281
2025-12-23 14:10:10,503:INFO: -------- Save Best Model! --------
2025-12-23 14:13:03,478:INFO: Epoch: 6, loss: 2.1554176807403564
2025-12-23 14:14:44,566:INFO: Epoch: 6, Dev loss: 3.3646230697631836, Bleu Score: 6.898053026170455
2025-12-23 14:14:46,306:INFO: -------- Save Best Model! --------
2025-12-23 14:17:42,610:INFO: Epoch: 7, loss: 1.9875116348266602
2025-12-23 14:19:13,785:INFO: Epoch: 7, Dev loss: 3.2995009422302246, Bleu Score: 7.173647589828004
2025-12-23 14:19:15,426:INFO: -------- Save Best Model! --------
2025-12-23 14:21:53,120:INFO: Epoch: 8, loss: 1.8484073877334595
2025-12-23 14:23:21,666:INFO: Epoch: 8, Dev loss: 3.3197848796844482, Bleu Score: 7.338738165192924
2025-12-23 14:23:23,271:INFO: -------- Save Best Model! --------
2025-12-23 14:26:00,017:INFO: Epoch: 9, loss: 1.7314906120300293
2025-12-23 14:27:31,546:INFO: Epoch: 9, Dev loss: 3.304368734359741, Bleu Score: 7.6434931328151325
2025-12-23 14:27:33,245:INFO: -------- Save Best Model! --------
2025-12-23 14:30:05,425:INFO: Epoch: 10, loss: 1.6301316022872925
2025-12-23 14:31:41,362:INFO: Epoch: 10, Dev loss: 3.327242851257324, Bleu Score: 8.332167823118107
2025-12-23 14:31:42,998:INFO: -------- Save Best Model! --------
2025-12-23 14:34:14,366:INFO: Epoch: 11, loss: 1.5407391786575317
2025-12-23 14:35:49,185:INFO: Epoch: 11, Dev loss: 3.3360040187835693, Bleu Score: 8.854603433081923
2025-12-23 14:35:50,683:INFO: -------- Save Best Model! --------
2025-12-23 14:38:24,094:INFO: Epoch: 12, loss: 1.4609090089797974
2025-12-23 14:39:55,078:INFO: Epoch: 12, Dev loss: 3.3791158199310303, Bleu Score: 8.107231802695148
2025-12-23 14:39:55,079:INFO: Early Stop Left: 4
2025-12-23 14:42:27,117:INFO: Epoch: 13, loss: 1.3888145685195923
2025-12-23 14:44:01,990:INFO: Epoch: 13, Dev loss: 3.384655475616455, Bleu Score: 8.002015128667123
2025-12-23 14:44:01,991:INFO: Early Stop Left: 3
2025-12-23 14:46:32,707:INFO: Epoch: 14, loss: 1.3246982097625732
2025-12-23 14:48:16,811:INFO: Epoch: 14, Dev loss: 3.4133384227752686, Bleu Score: 7.671341139108232
2025-12-23 14:48:16,812:INFO: Early Stop Left: 2
2025-12-23 14:50:43,284:INFO: Epoch: 15, loss: 1.2651890516281128
2025-12-23 14:52:14,620:INFO: Epoch: 15, Dev loss: 3.448463201522827, Bleu Score: 8.518989231123538
2025-12-23 14:52:14,621:INFO: Early Stop Left: 1
2025-12-23 14:54:40,431:INFO: Epoch: 16, loss: 1.2129956483840942
2025-12-23 14:56:14,848:INFO: Epoch: 16, Dev loss: 3.500282049179077, Bleu Score: 8.090336354161428
2025-12-23 14:56:14,850:INFO: Early Stop Left: 0
2025-12-23 14:56:14,850:INFO: -------- Early Stop! --------
2025-12-23 14:56:14,850:INFO: 
============================================================
2025-12-23 14:56:14,851:INFO: Training completed! Evaluating on test set...
2025-12-23 14:56:14,851:INFO: ============================================================
2025-12-23 14:57:00,622:INFO: 
Final Test Set BLEU Score: 8.67
2025-12-23 14:57:03,871:INFO: Test Set BLEU Score (Greedy): 7.72
2025-12-23 14:57:03,872:INFO: Improvement with Beam Search: 0.95 BLEU points
2025-12-23 14:57:03,873:INFO: ============================================================
