2025-12-23 12:44:24,632:INFO: ============================================================
2025-12-23 12:44:24,633:INFO: Training Configuration
2025-12-23 12:44:24,633:INFO: ============================================================
2025-12-23 12:44:24,633:INFO: Dataset: 100k
2025-12-23 12:44:24,634:INFO: Chinese vocab size: 14769
2025-12-23 12:44:24,634:INFO: English vocab size: 8000
2025-12-23 12:44:24,634:INFO: Data directory: ./data_100k
2025-12-23 12:44:24,634:INFO: ============================================================
2025-12-23 12:44:24,635:INFO: Architecture Configuration:
2025-12-23 12:44:24,635:INFO:   Position Encoding: absolute
2025-12-23 12:44:24,635:INFO:   Normalization: layernorm
2025-12-23 12:44:24,635:INFO:   Model dimension: 512
2025-12-23 12:44:24,636:INFO:   Attention heads: 8
2025-12-23 12:44:24,636:INFO:   Layers: 6
2025-12-23 12:44:24,636:INFO:   Feed-forward dim: 2048
2025-12-23 12:44:24,636:INFO:   Dropout: 0.1
2025-12-23 12:44:24,636:INFO: ============================================================
2025-12-23 12:44:24,637:INFO: Training Configuration:
2025-12-23 12:44:24,637:INFO:   Batch size: 64
2025-12-23 12:44:24,637:INFO:   Epochs: 50
2025-12-23 12:44:24,637:INFO:   Learning rate: 0.0005
2025-12-23 12:44:24,637:INFO:   Use NoamOpt: False
2025-12-23 12:44:24,638:INFO:   Use Label Smoothing: False
2025-12-23 12:44:24,638:INFO: ============================================================
2025-12-23 12:44:24,638:INFO: Model will be saved to: ./experiment/100k_abs_ln_adam_nosmooth/model_100k_abs_ln_adam_nosmooth.pth
2025-12-23 12:44:24,638:INFO: ============================================================
2025-12-23 12:44:25,149:INFO: -------- Dataset Build! --------
2025-12-23 12:44:25,150:INFO: -------- Get Dataloader! --------
2025-12-23 12:44:27,100:DEBUG: Building prefix dict from the default dictionary ...
2025-12-23 12:44:27,100:DEBUG: Loading model from cache /tmp/jieba.cache
2025-12-23 12:44:27,707:DEBUG: Loading model cost 0.607 seconds.
2025-12-23 12:44:27,708:DEBUG: Prefix dict has been built successfully.
2025-12-23 12:47:07,561:INFO: Epoch: 1, loss: 5.223716735839844
2025-12-23 12:48:38,683:INFO: Epoch: 1, Dev loss: 5.167662620544434, Bleu Score: 0.5955992166552229
2025-12-23 12:48:40,323:INFO: -------- Save Best Model! --------
2025-12-23 12:51:21,670:INFO: Epoch: 2, loss: 4.106332302093506
2025-12-23 12:52:37,228:INFO: Epoch: 2, Dev loss: 4.702895164489746, Bleu Score: 1.7551333700074316
2025-12-23 12:52:38,890:INFO: -------- Save Best Model! --------
2025-12-23 12:55:20,066:INFO: Epoch: 3, loss: 3.5549633502960205
2025-12-23 12:56:41,267:INFO: Epoch: 3, Dev loss: 4.432816505432129, Bleu Score: 2.2834465952669443
2025-12-23 12:56:42,994:INFO: -------- Save Best Model! --------
2025-12-23 12:59:21,441:INFO: Epoch: 4, loss: 3.1628007888793945
2025-12-23 13:00:43,968:INFO: Epoch: 4, Dev loss: 4.258544921875, Bleu Score: 3.573083319481537
2025-12-23 13:00:45,649:INFO: -------- Save Best Model! --------
2025-12-23 13:03:22,951:INFO: Epoch: 5, loss: 2.859708309173584
2025-12-23 13:04:45,311:INFO: Epoch: 5, Dev loss: 4.072340488433838, Bleu Score: 4.046456302878775
2025-12-23 13:04:46,993:INFO: -------- Save Best Model! --------
2025-12-23 13:07:22,808:INFO: Epoch: 6, loss: 2.6050233840942383
2025-12-23 13:08:48,056:INFO: Epoch: 6, Dev loss: 4.013808250427246, Bleu Score: 4.5559281405252765
2025-12-23 13:08:49,691:INFO: -------- Save Best Model! --------
2025-12-23 13:11:23,812:INFO: Epoch: 7, loss: 2.3849613666534424
2025-12-23 13:12:50,793:INFO: Epoch: 7, Dev loss: 3.9660778045654297, Bleu Score: 5.454145845666959
2025-12-23 13:12:52,455:INFO: -------- Save Best Model! --------
2025-12-23 13:15:27,263:INFO: Epoch: 8, loss: 2.1961288452148438
2025-12-23 13:16:50,680:INFO: Epoch: 8, Dev loss: 3.9174370765686035, Bleu Score: 5.862002089742505
2025-12-23 13:16:52,268:INFO: -------- Save Best Model! --------
2025-12-23 13:19:26,368:INFO: Epoch: 9, loss: 2.030876398086548
2025-12-23 13:20:48,142:INFO: Epoch: 9, Dev loss: 3.906198740005493, Bleu Score: 6.211110589214212
2025-12-23 13:20:49,797:INFO: -------- Save Best Model! --------
2025-12-23 13:23:26,445:INFO: Epoch: 10, loss: 1.882987141609192
2025-12-23 13:24:54,106:INFO: Epoch: 10, Dev loss: 3.9495601654052734, Bleu Score: 6.0714670923857135
2025-12-23 13:24:54,107:INFO: Early Stop Left: 4
2025-12-23 13:27:29,410:INFO: Epoch: 11, loss: 1.750101923942566
2025-12-23 13:28:59,617:INFO: Epoch: 11, Dev loss: 3.9950807094573975, Bleu Score: 6.968546793750953
2025-12-23 13:29:01,296:INFO: -------- Save Best Model! --------
2025-12-23 13:31:35,847:INFO: Epoch: 12, loss: 1.6305172443389893
2025-12-23 13:32:58,538:INFO: Epoch: 12, Dev loss: 4.068443775177002, Bleu Score: 6.229745376406394
2025-12-23 13:32:58,539:INFO: Early Stop Left: 4
2025-12-23 13:35:33,756:INFO: Epoch: 13, loss: 1.5220173597335815
2025-12-23 13:37:02,339:INFO: Epoch: 13, Dev loss: 4.135111331939697, Bleu Score: 6.507801136090517
2025-12-23 13:37:02,340:INFO: Early Stop Left: 3
2025-12-23 13:39:39,051:INFO: Epoch: 14, loss: 1.422675609588623
2025-12-23 13:41:13,543:INFO: Epoch: 14, Dev loss: 4.196723461151123, Bleu Score: 6.4601163850515215
2025-12-23 13:41:13,544:INFO: Early Stop Left: 2
2025-12-23 13:43:50,137:INFO: Epoch: 15, loss: 1.3307583332061768
2025-12-23 13:45:18,551:INFO: Epoch: 15, Dev loss: 4.320115089416504, Bleu Score: 6.104026067701714
2025-12-23 13:45:18,552:INFO: Early Stop Left: 1
2025-12-23 13:47:53,518:INFO: Epoch: 16, loss: 1.2495052814483643
2025-12-23 13:49:25,467:INFO: Epoch: 16, Dev loss: 4.408047676086426, Bleu Score: 6.3708250419620285
2025-12-23 13:49:25,468:INFO: Early Stop Left: 0
2025-12-23 13:49:25,468:INFO: -------- Early Stop! --------
2025-12-23 13:49:25,468:INFO: 
============================================================
2025-12-23 13:49:25,469:INFO: Training completed! Evaluating on test set...
2025-12-23 13:49:25,469:INFO: ============================================================
2025-12-23 13:50:09,631:INFO: 
Final Test Set BLEU Score: 5.84
2025-12-23 13:50:12,555:INFO: Test Set BLEU Score (Greedy): 0.00
2025-12-23 13:50:12,556:INFO: Improvement with Beam Search: 5.84 BLEU points
2025-12-23 13:50:12,556:INFO: ============================================================
