2025-12-23 16:03:55,999:INFO: ============================================================
2025-12-23 16:03:55,999:INFO: Training Configuration
2025-12-23 16:03:55,999:INFO: ============================================================
2025-12-23 16:03:56,000:INFO: Dataset: 100k
2025-12-23 16:03:56,000:INFO: Chinese vocab size: 14769
2025-12-23 16:03:56,000:INFO: English vocab size: 8000
2025-12-23 16:03:56,000:INFO: Data directory: ./data_100k
2025-12-23 16:03:56,001:INFO: ============================================================
2025-12-23 16:03:56,001:INFO: Architecture Configuration:
2025-12-23 16:03:56,001:INFO:   Position Encoding: absolute
2025-12-23 16:03:56,002:INFO:   Normalization: rmsnorm
2025-12-23 16:03:56,002:INFO:   Model dimension: 512
2025-12-23 16:03:56,002:INFO:   Attention heads: 8
2025-12-23 16:03:56,003:INFO:   Layers: 6
2025-12-23 16:03:56,003:INFO:   Feed-forward dim: 2048
2025-12-23 16:03:56,003:INFO:   Dropout: 0.1
2025-12-23 16:03:56,004:INFO: ============================================================
2025-12-23 16:03:56,004:INFO: Training Configuration:
2025-12-23 16:03:56,004:INFO:   Batch size: 64
2025-12-23 16:03:56,004:INFO:   Epochs: 50
2025-12-23 16:03:56,005:INFO:   Learning rate: 0.0005
2025-12-23 16:03:56,005:INFO:   Use NoamOpt: False
2025-12-23 16:03:56,005:INFO:   Use Label Smoothing: True
2025-12-23 16:03:56,005:INFO: ============================================================
2025-12-23 16:03:56,006:INFO: Model will be saved to: ./experiment/100k_abs_rms_adam_smooth/model_100k_abs_rms_adam_smooth.pth
2025-12-23 16:03:56,006:INFO: ============================================================
2025-12-23 16:03:56,521:INFO: -------- Dataset Build! --------
2025-12-23 16:03:56,522:INFO: -------- Get Dataloader! --------
2025-12-23 16:03:58,448:DEBUG: Building prefix dict from the default dictionary ...
2025-12-23 16:03:58,448:DEBUG: Loading model from cache /tmp/jieba.cache
2025-12-23 16:03:59,053:DEBUG: Loading model cost 0.605 seconds.
2025-12-23 16:03:59,054:DEBUG: Prefix dict has been built successfully.
2025-12-23 16:06:31,582:INFO: Epoch: 1, loss: 4.615105152130127
2025-12-23 16:07:50,318:INFO: Epoch: 1, Dev loss: 4.62319278717041, Bleu Score: 0.42280007824067667
2025-12-23 16:07:51,924:INFO: -------- Save Best Model! --------
2025-12-23 16:10:23,840:INFO: Epoch: 2, loss: 3.705435276031494
2025-12-23 16:11:37,126:INFO: Epoch: 2, Dev loss: 4.181786060333252, Bleu Score: 1.3145767779962894
2025-12-23 16:11:38,748:INFO: -------- Save Best Model! --------
2025-12-23 16:14:12,007:INFO: Epoch: 3, loss: 3.1966476440429688
2025-12-23 16:15:24,847:INFO: Epoch: 3, Dev loss: 3.9079267978668213, Bleu Score: 2.7451787388539057
2025-12-23 16:15:26,506:INFO: -------- Save Best Model! --------
2025-12-23 16:17:54,246:INFO: Epoch: 4, loss: 2.8279662132263184
2025-12-23 16:19:17,948:INFO: Epoch: 4, Dev loss: 3.6966466903686523, Bleu Score: 3.9452776579837443
2025-12-23 16:19:19,630:INFO: -------- Save Best Model! --------
2025-12-23 16:21:46,983:INFO: Epoch: 5, loss: 2.5402181148529053
2025-12-23 16:23:06,933:INFO: Epoch: 5, Dev loss: 3.5465903282165527, Bleu Score: 4.955394614775799
2025-12-23 16:23:08,548:INFO: -------- Save Best Model! --------
2025-12-23 16:25:38,842:INFO: Epoch: 6, loss: 2.305377244949341
2025-12-23 16:26:52,237:INFO: Epoch: 6, Dev loss: 3.47860050201416, Bleu Score: 5.183081988545028
2025-12-23 16:26:53,853:INFO: -------- Save Best Model! --------
2025-12-23 16:29:25,954:INFO: Epoch: 7, loss: 2.116356134414673
2025-12-23 16:30:50,671:INFO: Epoch: 7, Dev loss: 3.4088711738586426, Bleu Score: 6.651717591387987
2025-12-23 16:30:52,308:INFO: -------- Save Best Model! --------
2025-12-23 16:33:23,491:INFO: Epoch: 8, loss: 1.9605792760849
2025-12-23 16:34:55,582:INFO: Epoch: 8, Dev loss: 3.3285703659057617, Bleu Score: 7.152563802481248
2025-12-23 16:34:57,182:INFO: -------- Save Best Model! --------
2025-12-23 16:37:29,277:INFO: Epoch: 9, loss: 1.8277294635772705
2025-12-23 16:39:03,405:INFO: Epoch: 9, Dev loss: 3.338956832885742, Bleu Score: 7.15813811677069
2025-12-23 16:39:05,065:INFO: -------- Save Best Model! --------
2025-12-23 16:41:41,561:INFO: Epoch: 10, loss: 1.711958885192871
2025-12-23 16:43:09,268:INFO: Epoch: 10, Dev loss: 3.358142375946045, Bleu Score: 7.685849698673845
2025-12-23 16:43:10,926:INFO: -------- Save Best Model! --------
2025-12-23 16:45:45,889:INFO: Epoch: 11, loss: 1.6084647178649902
2025-12-23 16:47:11,964:INFO: Epoch: 11, Dev loss: 3.365143299102783, Bleu Score: 7.713107318707845
2025-12-23 16:47:13,621:INFO: -------- Save Best Model! --------
2025-12-23 16:49:48,383:INFO: Epoch: 12, loss: 1.517869472503662
2025-12-23 16:51:19,152:INFO: Epoch: 12, Dev loss: 3.421070098876953, Bleu Score: 8.12065939201656
2025-12-23 16:51:20,802:INFO: -------- Save Best Model! --------
2025-12-23 16:53:50,236:INFO: Epoch: 13, loss: 1.4344452619552612
2025-12-23 16:55:23,219:INFO: Epoch: 13, Dev loss: 3.4427359104156494, Bleu Score: 8.415983007328773
2025-12-23 16:55:24,887:INFO: -------- Save Best Model! --------
2025-12-23 16:57:52,405:INFO: Epoch: 14, loss: 1.3587524890899658
2025-12-23 16:59:32,017:INFO: Epoch: 14, Dev loss: 3.4744255542755127, Bleu Score: 8.094447046659852
2025-12-23 16:59:32,018:INFO: Early Stop Left: 4
2025-12-23 17:01:59,533:INFO: Epoch: 15, loss: 1.2887768745422363
2025-12-23 17:03:34,787:INFO: Epoch: 15, Dev loss: 3.489485025405884, Bleu Score: 7.679816929041961
2025-12-23 17:03:34,787:INFO: Early Stop Left: 3
2025-12-23 17:06:02,376:INFO: Epoch: 16, loss: 1.2267712354660034
2025-12-23 17:07:33,059:INFO: Epoch: 16, Dev loss: 3.5559756755828857, Bleu Score: 7.972151538082641
2025-12-23 17:07:33,059:INFO: Early Stop Left: 2
2025-12-23 17:10:06,171:INFO: Epoch: 17, loss: 1.1692641973495483
2025-12-23 17:11:36,213:INFO: Epoch: 17, Dev loss: 3.571561336517334, Bleu Score: 8.338951852071979
2025-12-23 17:11:36,213:INFO: Early Stop Left: 1
2025-12-23 17:14:09,276:INFO: Epoch: 18, loss: 1.116373062133789
2025-12-23 17:15:39,044:INFO: Epoch: 18, Dev loss: 3.6377696990966797, Bleu Score: 7.855926159637459
2025-12-23 17:15:39,045:INFO: Early Stop Left: 0
2025-12-23 17:15:39,045:INFO: -------- Early Stop! --------
2025-12-23 17:15:39,045:INFO: 
============================================================
2025-12-23 17:15:39,045:INFO: Training completed! Evaluating on test set...
2025-12-23 17:15:39,046:INFO: ============================================================
2025-12-23 17:16:24,282:INFO: 
Final Test Set BLEU Score: 8.36
2025-12-23 17:16:27,047:INFO: Test Set BLEU Score (Greedy): 6.66
2025-12-23 17:16:27,048:INFO: Improvement with Beam Search: 1.70 BLEU points
2025-12-23 17:16:27,049:INFO: ============================================================
