2025-12-23 14:57:06,330:INFO: ============================================================
2025-12-23 14:57:06,330:INFO: Training Configuration
2025-12-23 14:57:06,331:INFO: ============================================================
2025-12-23 14:57:06,331:INFO: Dataset: 100k
2025-12-23 14:57:06,331:INFO: Chinese vocab size: 14769
2025-12-23 14:57:06,331:INFO: English vocab size: 8000
2025-12-23 14:57:06,332:INFO: Data directory: ./data_100k
2025-12-23 14:57:06,332:INFO: ============================================================
2025-12-23 14:57:06,332:INFO: Architecture Configuration:
2025-12-23 14:57:06,333:INFO:   Position Encoding: absolute
2025-12-23 14:57:06,333:INFO:   Normalization: rmsnorm
2025-12-23 14:57:06,333:INFO:   Model dimension: 512
2025-12-23 14:57:06,334:INFO:   Attention heads: 8
2025-12-23 14:57:06,334:INFO:   Layers: 6
2025-12-23 14:57:06,334:INFO:   Feed-forward dim: 2048
2025-12-23 14:57:06,334:INFO:   Dropout: 0.1
2025-12-23 14:57:06,334:INFO: ============================================================
2025-12-23 14:57:06,335:INFO: Training Configuration:
2025-12-23 14:57:06,335:INFO:   Batch size: 64
2025-12-23 14:57:06,335:INFO:   Epochs: 50
2025-12-23 14:57:06,335:INFO:   Learning rate: 0.0005
2025-12-23 14:57:06,335:INFO:   Use NoamOpt: True
2025-12-23 14:57:06,335:INFO:   Use Label Smoothing: False
2025-12-23 14:57:06,336:INFO: ============================================================
2025-12-23 14:57:06,336:INFO: Model will be saved to: ./experiment/100k_abs_rms_noam_nosmooth/model_100k_abs_rms_noam_nosmooth.pth
2025-12-23 14:57:06,336:INFO: ============================================================
2025-12-23 14:57:06,801:INFO: -------- Dataset Build! --------
2025-12-23 14:57:06,802:INFO: -------- Get Dataloader! --------
2025-12-23 14:57:08,681:DEBUG: Building prefix dict from the default dictionary ...
2025-12-23 14:57:08,682:DEBUG: Loading model from cache /tmp/jieba.cache
2025-12-23 14:57:09,274:DEBUG: Loading model cost 0.592 seconds.
2025-12-23 14:57:09,275:DEBUG: Prefix dict has been built successfully.
2025-12-23 14:59:33,617:INFO: Epoch: 1, loss: 5.662191390991211
2025-12-23 15:00:44,836:INFO: Epoch: 1, Dev loss: 5.2577948570251465, Bleu Score: 0.4511800825383184
2025-12-23 15:00:46,668:INFO: -------- Save Best Model! --------
2025-12-23 15:03:17,903:INFO: Epoch: 2, loss: 4.109018802642822
2025-12-23 15:04:32,948:INFO: Epoch: 2, Dev loss: 4.61762809753418, Bleu Score: 1.8824499557547003
2025-12-23 15:04:34,612:INFO: -------- Save Best Model! --------
2025-12-23 15:06:58,353:INFO: Epoch: 3, loss: 3.4253852367401123
2025-12-23 15:08:25,054:INFO: Epoch: 3, Dev loss: 4.2755560874938965, Bleu Score: 4.126800273849062
2025-12-23 15:08:26,641:INFO: -------- Save Best Model! --------
2025-12-23 15:10:53,693:INFO: Epoch: 4, loss: 2.983583927154541
2025-12-23 15:12:31,097:INFO: Epoch: 4, Dev loss: 4.054197311401367, Bleu Score: 4.410386662004215
2025-12-23 15:12:32,750:INFO: -------- Save Best Model! --------
2025-12-23 15:14:59,238:INFO: Epoch: 5, loss: 2.6612958908081055
2025-12-23 15:16:20,416:INFO: Epoch: 5, Dev loss: 3.950207233428955, Bleu Score: 5.216311820528405
2025-12-23 15:16:22,076:INFO: -------- Save Best Model! --------
2025-12-23 15:18:48,208:INFO: Epoch: 6, loss: 2.4106898307800293
2025-12-23 15:20:13,468:INFO: Epoch: 6, Dev loss: 3.8682281970977783, Bleu Score: 5.963442310384453
2025-12-23 15:20:15,098:INFO: -------- Save Best Model! --------
2025-12-23 15:22:40,366:INFO: Epoch: 7, loss: 2.205310344696045
2025-12-23 15:24:02,788:INFO: Epoch: 7, Dev loss: 3.8410909175872803, Bleu Score: 6.568818927909733
2025-12-23 15:24:04,451:INFO: -------- Save Best Model! --------
2025-12-23 15:26:31,105:INFO: Epoch: 8, loss: 2.0300650596618652
2025-12-23 15:27:58,411:INFO: Epoch: 8, Dev loss: 3.810115337371826, Bleu Score: 6.860391337873475
2025-12-23 15:28:00,074:INFO: -------- Save Best Model! --------
2025-12-23 15:30:27,668:INFO: Epoch: 9, loss: 1.8799073696136475
2025-12-23 15:31:57,175:INFO: Epoch: 9, Dev loss: 3.875992774963379, Bleu Score: 7.6636204568937085
2025-12-23 15:31:58,808:INFO: -------- Save Best Model! --------
2025-12-23 15:34:23,339:INFO: Epoch: 10, loss: 1.7479791641235352
2025-12-23 15:35:52,772:INFO: Epoch: 10, Dev loss: 3.8914027214050293, Bleu Score: 7.062236497724368
2025-12-23 15:35:52,772:INFO: Early Stop Left: 4
2025-12-23 15:38:12,778:INFO: Epoch: 11, loss: 1.628772258758545
2025-12-23 15:39:55,876:INFO: Epoch: 11, Dev loss: 3.94787335395813, Bleu Score: 7.381880416610642
2025-12-23 15:39:55,876:INFO: Early Stop Left: 3
2025-12-23 15:42:19,592:INFO: Epoch: 12, loss: 1.521915316581726
2025-12-23 15:43:45,885:INFO: Epoch: 12, Dev loss: 4.022453308105469, Bleu Score: 7.949894202644746
2025-12-23 15:43:47,457:INFO: -------- Save Best Model! --------
2025-12-23 15:46:14,894:INFO: Epoch: 13, loss: 1.4252018928527832
2025-12-23 15:47:44,452:INFO: Epoch: 13, Dev loss: 4.095464706420898, Bleu Score: 6.8184417805275
2025-12-23 15:47:44,453:INFO: Early Stop Left: 4
2025-12-23 15:50:05,427:INFO: Epoch: 14, loss: 1.3361774682998657
2025-12-23 15:51:37,123:INFO: Epoch: 14, Dev loss: 4.151972770690918, Bleu Score: 7.623150822040582
2025-12-23 15:51:37,124:INFO: Early Stop Left: 3
2025-12-23 15:53:55,606:INFO: Epoch: 15, loss: 1.2554470300674438
2025-12-23 15:55:27,731:INFO: Epoch: 15, Dev loss: 4.250330448150635, Bleu Score: 7.070327694296051
2025-12-23 15:55:27,731:INFO: Early Stop Left: 2
2025-12-23 15:57:45,225:INFO: Epoch: 16, loss: 1.1809598207473755
2025-12-23 15:59:15,584:INFO: Epoch: 16, Dev loss: 4.322479248046875, Bleu Score: 6.963849904683754
2025-12-23 15:59:15,585:INFO: Early Stop Left: 1
2025-12-23 16:01:33,354:INFO: Epoch: 17, loss: 1.1133209466934204
2025-12-23 16:03:06,855:INFO: Epoch: 17, Dev loss: 4.379304885864258, Bleu Score: 7.338073055319679
2025-12-23 16:03:06,856:INFO: Early Stop Left: 0
2025-12-23 16:03:06,856:INFO: -------- Early Stop! --------
2025-12-23 16:03:06,857:INFO: 
============================================================
2025-12-23 16:03:06,857:INFO: Training completed! Evaluating on test set...
2025-12-23 16:03:06,857:INFO: ============================================================
2025-12-23 16:03:50,647:INFO: 
Final Test Set BLEU Score: 6.55
2025-12-23 16:03:53,458:INFO: Test Set BLEU Score (Greedy): 5.91
2025-12-23 16:03:53,459:INFO: Improvement with Beam Search: 0.64 BLEU points
2025-12-23 16:03:53,459:INFO: ============================================================
