2025-12-23 09:56:58,296:INFO: ============================================================
2025-12-23 09:56:58,297:INFO: Training Configuration
2025-12-23 09:56:58,297:INFO: ============================================================
2025-12-23 09:56:58,297:INFO: Dataset: 100k
2025-12-23 09:56:58,297:INFO: Chinese vocab size: 14769
2025-12-23 09:56:58,298:INFO: English vocab size: 8000
2025-12-23 09:56:58,298:INFO: Data directory: ./data_100k
2025-12-23 09:56:58,298:INFO: ============================================================
2025-12-23 09:56:58,298:INFO: Architecture Configuration:
2025-12-23 09:56:58,299:INFO:   Position Encoding: absolute
2025-12-23 09:56:58,299:INFO:   Normalization: layernorm
2025-12-23 09:56:58,299:INFO:   Model dimension: 512
2025-12-23 09:56:58,299:INFO:   Attention heads: 8
2025-12-23 09:56:58,299:INFO:   Layers: 6
2025-12-23 09:56:58,300:INFO:   Feed-forward dim: 2048
2025-12-23 09:56:58,300:INFO:   Dropout: 0.1
2025-12-23 09:56:58,300:INFO: ============================================================
2025-12-23 09:56:58,300:INFO: Training Configuration:
2025-12-23 09:56:58,300:INFO:   Batch size: 64
2025-12-23 09:56:58,301:INFO:   Epochs: 50
2025-12-23 09:56:58,301:INFO:   Learning rate: 0.0005
2025-12-23 09:56:58,301:INFO:   Use NoamOpt: True
2025-12-23 09:56:58,301:INFO:   Use Label Smoothing: False
2025-12-23 09:56:58,301:INFO: ============================================================
2025-12-23 09:56:58,302:INFO: Model will be saved to: ./experiment/100k_abs_ln_noam_nosmooth/model_100k_abs_ln_noam_nosmooth.pth
2025-12-23 09:56:58,302:INFO: ============================================================
2025-12-23 09:56:59,052:INFO: -------- Dataset Build! --------
2025-12-23 09:56:59,053:INFO: -------- Get Dataloader! --------
2025-12-23 09:57:01,139:DEBUG: Building prefix dict from the default dictionary ...
2025-12-23 09:57:01,140:DEBUG: Loading model from cache /tmp/jieba.cache
2025-12-23 09:57:01,782:DEBUG: Loading model cost 0.642 seconds.
2025-12-23 09:57:01,782:DEBUG: Prefix dict has been built successfully.
2025-12-23 09:59:36,064:INFO: Epoch: 1, loss: 5.656181335449219
2025-12-23 10:00:45,613:INFO: Epoch: 1, Dev loss: 5.25368595123291, Bleu Score: 1.1071648411731139
2025-12-23 10:00:47,262:INFO: -------- Save Best Model! --------
2025-12-23 10:03:20,986:INFO: Epoch: 2, loss: 4.111600399017334
2025-12-23 10:04:55,464:INFO: Epoch: 2, Dev loss: 4.637648105621338, Bleu Score: 2.393620374949553
2025-12-23 10:04:57,163:INFO: -------- Save Best Model! --------
2025-12-23 10:07:37,591:INFO: Epoch: 3, loss: 3.445775270462036
2025-12-23 10:09:15,494:INFO: Epoch: 3, Dev loss: 4.306818008422852, Bleu Score: 3.5892928156619566
2025-12-23 10:09:17,141:INFO: -------- Save Best Model! --------
2025-12-23 10:11:58,678:INFO: Epoch: 4, loss: 3.0083119869232178
2025-12-23 10:13:29,985:INFO: Epoch: 4, Dev loss: 4.087219715118408, Bleu Score: 4.158096789137025
2025-12-23 10:13:31,677:INFO: -------- Save Best Model! --------
2025-12-23 10:16:13,609:INFO: Epoch: 5, loss: 2.689948081970215
2025-12-23 10:17:42,665:INFO: Epoch: 5, Dev loss: 3.95701265335083, Bleu Score: 5.003318440036553
2025-12-23 10:17:44,298:INFO: -------- Save Best Model! --------
2025-12-23 10:20:22,548:INFO: Epoch: 6, loss: 2.439983606338501
2025-12-23 10:21:45,481:INFO: Epoch: 6, Dev loss: 3.866598606109619, Bleu Score: 6.204976424396796
2025-12-23 10:21:47,144:INFO: -------- Save Best Model! --------
2025-12-23 10:24:23,623:INFO: Epoch: 7, loss: 2.234545946121216
2025-12-23 10:25:50,870:INFO: Epoch: 7, Dev loss: 3.85148286819458, Bleu Score: 6.210634426394154
2025-12-23 10:25:52,540:INFO: -------- Save Best Model! --------
2025-12-23 10:28:28,729:INFO: Epoch: 8, loss: 2.0611984729766846
2025-12-23 10:29:51,641:INFO: Epoch: 8, Dev loss: 3.8550684452056885, Bleu Score: 6.6076463427310435
2025-12-23 10:29:53,319:INFO: -------- Save Best Model! --------
2025-12-23 10:32:25,505:INFO: Epoch: 9, loss: 1.91057288646698
2025-12-23 10:33:58,534:INFO: Epoch: 9, Dev loss: 3.83811616897583, Bleu Score: 7.062543102002296
2025-12-23 10:34:00,171:INFO: -------- Save Best Model! --------
2025-12-23 10:36:31,883:INFO: Epoch: 10, loss: 1.7763264179229736
2025-12-23 10:37:59,040:INFO: Epoch: 10, Dev loss: 3.9019696712493896, Bleu Score: 7.239138513037334
2025-12-23 10:38:00,702:INFO: -------- Save Best Model! --------
2025-12-23 10:40:36,736:INFO: Epoch: 11, loss: 1.6580846309661865
2025-12-23 10:42:04,556:INFO: Epoch: 11, Dev loss: 3.946453094482422, Bleu Score: 6.681110760139804
2025-12-23 10:42:04,557:INFO: Early Stop Left: 4
2025-12-23 10:44:50,209:INFO: Epoch: 12, loss: 1.5505033731460571
2025-12-23 10:46:22,393:INFO: Epoch: 12, Dev loss: 4.00430154800415, Bleu Score: 7.648942166949945
2025-12-23 10:46:24,088:INFO: -------- Save Best Model! --------
2025-12-23 10:49:00,707:INFO: Epoch: 13, loss: 1.454789400100708
2025-12-23 10:50:25,219:INFO: Epoch: 13, Dev loss: 4.074500560760498, Bleu Score: 7.293161111036645
2025-12-23 10:50:25,220:INFO: Early Stop Left: 4
2025-12-23 10:52:56,993:INFO: Epoch: 14, loss: 1.3653043508529663
2025-12-23 10:54:31,691:INFO: Epoch: 14, Dev loss: 4.1127119064331055, Bleu Score: 6.744792247610682
2025-12-23 10:54:31,692:INFO: Early Stop Left: 3
2025-12-23 10:57:18,551:INFO: Epoch: 15, loss: 1.284653663635254
2025-12-23 10:58:47,463:INFO: Epoch: 15, Dev loss: 4.185986518859863, Bleu Score: 6.888674426351486
2025-12-23 10:58:47,464:INFO: Early Stop Left: 2
2025-12-23 11:01:37,073:INFO: Epoch: 16, loss: 1.2096794843673706
2025-12-23 11:03:09,129:INFO: Epoch: 16, Dev loss: 4.293696880340576, Bleu Score: 6.4869445525111376
2025-12-23 11:03:09,130:INFO: Early Stop Left: 1
2025-12-23 11:06:15,839:INFO: Epoch: 17, loss: 1.1415499448776245
2025-12-23 11:07:50,842:INFO: Epoch: 17, Dev loss: 4.3310441970825195, Bleu Score: 7.104985403928654
2025-12-23 11:07:50,843:INFO: Early Stop Left: 0
2025-12-23 11:07:50,843:INFO: -------- Early Stop! --------
2025-12-23 11:07:50,844:INFO: 
============================================================
2025-12-23 11:07:50,844:INFO: Training completed! Evaluating on test set...
2025-12-23 11:07:50,844:INFO: ============================================================
2025-12-23 11:08:34,737:INFO: 
Final Test Set BLEU Score: 7.64
2025-12-23 11:08:37,838:INFO: Test Set BLEU Score (Greedy): 0.00
2025-12-23 11:08:37,839:INFO: Improvement with Beam Search: 7.64 BLEU points
2025-12-23 11:08:37,840:INFO: ============================================================
